[debug] [2023-06-26T14:17:29.912Z] ----------------------------------------------------------------------
[debug] [2023-06-26T14:17:29.912Z] Command:       /Users/Ren/.nvm/versions/node/v16.20.0/bin/node /Users/Ren/.nvm/versions/node/v16.20.0/bin/firebase init hosting
[debug] [2023-06-26T14:17:29.913Z] CLI Version:   12.4.0
[debug] [2023-06-26T14:17:29.913Z] Platform:      darwin
[debug] [2023-06-26T14:17:29.913Z] Node Version:  v16.20.0
[debug] [2023-06-26T14:17:29.913Z] Time:          Mon Jun 26 2023 22:17:29 GMT+0800 (Central Indonesia Time)
[debug] [2023-06-26T14:17:29.913Z] ----------------------------------------------------------------------
[debug] 
[debug] [2023-06-26T14:17:29.916Z] > command requires scopes: ["email","openid","https://www.googleapis.com/auth/cloudplatformprojects.readonly","https://www.googleapis.com/auth/firebase","https://www.googleapis.com/auth/cloud-platform"]
[debug] [2023-06-26T14:17:29.916Z] > authorizing via signed-in user (andifiqramabdillahastri@gmail.com)
[info] 
     ######## #### ########  ######## ########     ###     ######  ########
     ##        ##  ##     ## ##       ##     ##  ##   ##  ##       ##
     ######    ##  ########  ######   ########  #########  ######  ######
     ##        ##  ##    ##  ##       ##     ## ##     ##       ## ##
     ##       #### ##     ## ######## ########  ##     ##  ######  ########

You're about to initialize a Firebase project in this directory:

  /Users/Ren/Documents/practice/informatics-revamp

[info] 
=== Project Setup
[info] 
[info] First, let's associate this project directory with a Firebase project.
[info] You can create multiple project aliases by running firebase use --add, 
[info] but for now we'll just set up a default project.
[info] 
[debug] [2023-06-26T14:17:45.519Z] >>> [apiv2][query] GET https://firebase.googleapis.com/v1beta1/projects pageSize=100
[debug] [2023-06-26T14:17:46.676Z] <<< [apiv2][status] GET https://firebase.googleapis.com/v1beta1/projects 200
[debug] [2023-06-26T14:17:46.677Z] <<< [apiv2][body] GET https://firebase.googleapis.com/v1beta1/projects [omitted]
[info] i  Using project informatics-uh (informatics-uh) 
[info] 
=== Hosting Setup
[info] 
[info] Your public directory is the folder (relative to your project directory) that
[info] will contain Hosting assets to be uploaded with firebase deploy. If you
[info] have a build process for your assets, use your build's output directory.
[info] 
